1598601567544	geckodriver	INFO	Listening on 127.0.0.1:52137
1598601570609	mozrunner::runner	INFO	Running command: "C:\\Program Files\\Mozilla Firefox\\firefox.exe" "--marionette" "-foreground" "-no-remote" "-profile" "C:\\Users\\A2731~1.ALE\\AppData\\Local\\Temp\\rust_mozprofilezicP0H"
console.error: SearchCache: "_readCacheFile: Error reading cache file:" (new Error("", "(unknown module)"))
console.warn: services.settings: main/message-groups sync interrupted by shutdown

###!!! [Parent][MessageChannel] Error: (msgtype=0xB000D,name=PBackgroundIDBDatabase::Msg_Invalidate) Channel error: cannot send/recv

[Parent 17380, Gecko_IOThread] WARNING: file /builds/worker/checkouts/gecko/ipc/chromium/src/base/process_util_win.cc, line 166
[Parent 17380, Gecko_IOThread] WARNING: file /builds/worker/checkouts/gecko/ipc/chromium/src/base/process_util_win.cc, line 166
console.error: services.settings: 
  main/messaging-experiments Signature failed  TypeError: NetworkError when attempting to fetch resource.
console.error: services.settings: 
  main/fxmonitor-breaches Signature failed  TypeError: NetworkError when attempting to fetch resource.
console.warn: SearchService: "_init: abandoning init due to shutting down"
JavaScript error: , line 0: uncaught exception: 2147500036
JavaScript error: , line 0: uncaught exception: 2147500036
JavaScript error: , line 0: uncaught exception: 2147500036
JavaScript error: , line 0: uncaught exception: 2147500036
JavaScript error: , line 0: uncaught exception: 2147500036
JavaScript error: , line 0: uncaught exception: 2147500036
JavaScript error: resource://services-settings/IDBHelpers.jsm, line 24: Error: IndexedDB: main/fxmonitor-breaches list() IndexedDB:  execute() The application is shutting down

###!!! [Child][RunMessage] Error: Channel closing: too late to send/recv, messages will be lost


###!!! [Child][MessageChannel::SendAndWait] Error: Channel error: cannot send/recv

1598601744912	geckodriver	INFO	Listening on 127.0.0.1:52237
1598601748010	mozrunner::runner	INFO	Running command: "C:\\Program Files\\Mozilla Firefox\\firefox.exe" "--marionette" "-foreground" "-no-remote" "-profile" "C:\\Users\\A2731~1.ALE\\AppData\\Local\\Temp\\rust_mozprofileOIftsV"
JavaScript error: resource://gre/modules/XULStore.jsm, line 66: Error: Can't find profile directory.
console.error: SearchCache: "_readCacheFile: Error reading cache file:" (new Error("", "(unknown module)"))
1598601766716	Marionette	INFO	Listening on port 52255
1598601769031	Marionette	INFO	Stopped listening on port 52255

###!!! [Child][RunMessage] Error: Channel closing: too late to send/recv, messages will be lost


###!!! [Child][MessageChannel::SendAndWait] Error: Channel error: cannot send/recv

1598601793349	geckodriver	INFO	Listening on 127.0.0.1:52311
1598601796441	mozrunner::runner	INFO	Running command: "C:\\Program Files\\Mozilla Firefox\\firefox.exe" "--marionette" "-foreground" "-no-remote" "-profile" "C:\\Users\\A2731~1.ALE\\AppData\\Local\\Temp\\rust_mozprofileIESaNS"
JavaScript error: resource://gre/modules/XULStore.jsm, line 66: Error: Can't find profile directory.
console.error: SearchCache: "_readCacheFile: Error reading cache file:" (new Error("", "(unknown module)"))
1598601802084	Marionette	INFO	Listening on port 52320
1598601802602	Marionette	WARN	TLS certificate errors will be ignored for this session
1598601823481	Marionette	INFO	Stopped listening on port 52320

###!!! [Child][RunMessage] Error: Channel closing: too late to send/recv, messages will be lost


###!!! [Child][MessageChannel::SendAndWait] Error: Channel error: cannot send/recv

1598602576256	geckodriver	INFO	Listening on 127.0.0.1:52495
1598602579251	mozrunner::runner	INFO	Running command: "C:\\Program Files\\Mozilla Firefox\\firefox.exe" "--marionette" "-foreground" "-no-remote" "-profile" "C:\\Users\\A2731~1.ALE\\AppData\\Local\\Temp\\rust_mozprofileH1EuD9"
JavaScript error: resource://gre/modules/XULStore.jsm, line 66: Error: Can't find profile directory.
console.error: SearchCache: "_readCacheFile: Error reading cache file:" (new Error("", "(unknown module)"))
1598602586683	Marionette	INFO	Listening on port 52504
1598602587193	Marionette	WARN	TLS certificate errors will be ignored for this session
[Parent 15532, Gecko_IOThread] WARNING: file /builds/worker/checkouts/gecko/ipc/chromium/src/base/process_util_win.cc, line 166
1598602606178	Marionette	INFO	Stopped listening on port 52504

###!!! [Child][MessageChannel::SendAndWait] Error: Channel error: cannot send/recv

1598602720301	geckodriver	INFO	Listening on 127.0.0.1:52580
1598602723365	mozrunner::runner	INFO	Running command: "C:\\Program Files\\Mozilla Firefox\\firefox.exe" "--marionette" "-foreground" "-no-remote" "-profile" "C:\\Users\\A2731~1.ALE\\AppData\\Local\\Temp\\rust_mozprofilesQlsnS"
JavaScript error: resource://gre/modules/XULStore.jsm, line 66: Error: Can't find profile directory.
console.error: SearchCache: "_readCacheFile: Error reading cache file:" (new Error("", "(unknown module)"))
1598602727839	Marionette	INFO	Listening on port 52590
1598602728093	Marionette	WARN	TLS certificate errors will be ignored for this session
[Parent 20444, Gecko_IOThread] WARNING: file /builds/worker/checkouts/gecko/ipc/chromium/src/base/process_util_win.cc, line 166
1598602759412	Marionette	INFO	Stopped listening on port 52590

###!!! [Child][RunMessage] Error: Channel closing: too late to send/recv, messages will be lost


###!!! [Child][MessageChannel::SendAndWait] Error: Channel error: cannot send/recv

1598602902363	geckodriver	INFO	Listening on 127.0.0.1:52652
1598602905392	mozrunner::runner	INFO	Running command: "C:\\Program Files\\Mozilla Firefox\\firefox.exe" "--marionette" "-foreground" "-no-remote" "-profile" "C:\\Users\\A2731~1.ALE\\AppData\\Local\\Temp\\rust_mozprofileF0rUOP"
JavaScript error: resource://gre/modules/XULStore.jsm, line 66: Error: Can't find profile directory.
console.error: SearchCache: "_readCacheFile: Error reading cache file:" (new Error("", "(unknown module)"))
1598602911265	Marionette	INFO	Listening on port 52660
1598602911615	Marionette	WARN	TLS certificate errors will be ignored for this session
1598607795769	Marionette	INFO	Stopped listening on port 52660

###!!! [Child][RunMessage] Error: Channel closing: too late to send/recv, messages will be lost

"--marionette" "-foreground" "-no-remote" "-profile" "C:\\Users\\A2731~1.ALE\\AppData\\Local\\Temp\\rust_mozprofile7Qr4Fa"
JavaScript error: resource://gre/modules/XULStore.jsm, line 66: Error: Can't find profile directory.
console.error: SearchCache: "_readCacheFile: Error reading cache file:" (new Error("", "(unknown module)"))
1598607646153	geckodriver	INFO	Listening on 127.0.0.1:51476
1598607649200	mozrunner::runner	INFO	Running command: "C:\\Program Files\\Mozilla Firefox\\firefox.exe" "--marionette" "-foreground" "-no-remote" "-profile" "C:\\Users\\A2731~1.ALE\\AppData\\Local\\Temp\\rust_mozprofileFcLXFU"
JavaScript error: resource://gre/modules/XULStore.jsm, line 66: Error: Can't find profile directory.
1598607702240	geckodriver	INFO	Listening on 127.0.0.1:51520
1598607705297	mozrunner::runner	INFO	Running command: "C:\\Program Files\\Mozilla Firefox\\firefox.exe" "--marionette" "-foreground" "-no-remote" "-profile" "C:\\Users\\A2731~1.ALE\\AppData\\Local\\Temp\\rust_mozprofileBqZij9"
JavaScript error: resource://gre/modules/XULStore.jsm, line 66: Error: Can't find profile directory.
console.error: SearchCache: "_readCacheFile: Error reading cache file:" (new Error("", "(unknown module)"))
1598607709938	Marionette	INFO	Listening on port 51528
1598607710398	Marionette	WARN	TLS certificate errors will be ignored for this session
1598607793792	Marionette	INFO	Stopped listening on port 51528

###!!! [Child][RunMessage] Error: Channel closing: too late to send/recv, messages will be lost


###!!! [Child][MessageChannel::SendAndWait] Error: Channel error: cannot send/recv

1598607820892	geckodriver	INFO	Listening on 127.0.0.1:51651
1598607824816	mozrunner::runner	INFO	Running command: "C:\\Program Files\\Mozilla Firefox\\firefox.exe" "--marionette" "-foreground" "-no-remote" "-profile" "C:\\Users\\A2731~1.ALE\\AppData\\Local\\Temp\\rust_mozprofile8orlEi"
JavaScript error: resource://gre/modules/XULStore.jsm, line 66: Error: Can't find profile directory.
console.error: SearchCache: "_readCacheFile: Error reading cache file:" (new Error("", "(unknown module)"))
1598607832202	Marionette	INFO	Listening on port 51659
1598607832397	Marionette	WARN	TLS certificate errors will be ignored for this session
1598607942536	Marionette	INFO	Stopped listening on port 51659

###!!! [Child][MessageChannel::SendAndWait] Error: Channel error: cannot send/recv

firefox.exe" "--marionette" "-foreground" "-no-remote" "-profile" "C:\\Users\\A2731~1.ALE\\AppData\\Local\\Temp\\rust_mozprofile3trAWH"
JavaScript error: resource://gre/modules/XULStore.jsm, line 66: Error: Can't find profile directory.
console.error: SearchCache: "_readCacheFile: Error reading cache file:" (new Error("", "(unknown module)"))
1598607876622	Marionette	INFO	Listening on port 51720
1598607877120	Marionette	WARN	TLS certificate errors will be ignored for this session
1598607943142	Marionette	INFO	Stopped listening on port 51720

###!!! [Child][RunMessage] Error: Channel closing: too late to send/recv, messages will be lost


###!!! [Child][MessageChannel::SendAndWait] Error: Channel error: cannot send/recv

ocal\\Temp\\rust_mozprofileKfe8cO"
JavaScript error: resource://gre/modules/XULStore.jsm, line 66: Error: Can't find profile directory.
console.error: SearchCache: "_readCacheFile: Error reading cache file:" (new Error("", "(unknown module)"))
1598607922265	Marionette	INFO	Listening on port 51778
1598607923216	Marionette	WARN	TLS certificate errors will be ignored for this session
1598607945694	Marionette	INFO	Stopped listening on port 51778

###!!! [Child][RunMessage] Error: Channel closing: too late to send/recv, messages will be lost


###!!! [Child][MessageChannel::SendAndWait] Error: Channel error: cannot send/recv

1598608082195	geckodriver	INFO	Listening on 127.0.0.1:51895
1598608085197	mozrunner::runner	INFO	Running command: "C:\\Program Files\\Mozilla Firefox\\firefox.exe" "--marionette" "-foreground" "-no-remote" "-profile" "C:\\Users\\A2731~1.ALE\\AppData\\Local\\Temp\\rust_mozprofileo5c2Sz"
JavaScript error: resource://gre/modules/XULStore.jsm, line 66: Error: Can't find profile directory.
console.error: SearchCache: "_readCacheFile: Error reading cache file:" (new Error("", "(unknown module)"))
1598608091044	Marionette	INFO	Listening on port 51903
1598608091424	Marionette	WARN	TLS certificate errors will be ignored for this session
1598608155207	Marionette	INFO	Stopped listening on port 51903

###!!! [Child][RunMessage] Error: Channel closing: too late to send/recv, messages will be lost


###!!! [Child][MessageChannel::SendAndWait] Error: Channel error: cannot send/recv

1598608376265	geckodriver	INFO	Listening on 127.0.0.1:51995
1598608379274	mozrunner::runner	INFO	Running command: "C:\\Program Files\\Mozilla Firefox\\firefox.exe" "--marionette" "-foreground" "-no-remote" "-profile" "C:\\Users\\A2731~1.ALE\\AppData\\Local\\Temp\\rust_mozprofileaBn5uS"
JavaScript error: resource://gre/modules/XULStore.jsm, line 66: Error: Can't find profile directory.
console.error: SearchCache: "_readCacheFile: Error reading cache file:" (new Error("", "(unknown module)"))
1598608383769	Marionette	INFO	Listening on port 52003
1598608383989	Marionette	WARN	TLS certificate errors will be ignored for this session
1598608395633	Marionette	INFO	Stopped listening on port 52003

###!!! [Child][RunMessage] Error: Channel closing: too late to send/recv, messages will be lost


###!!! [Child][MessageChannel::SendAndWait] Error: Channel error: cannot send/recv

1598608602472	geckodriver	INFO	Listening on 127.0.0.1:52060
1598608605490	mozrunner::runner	INFO	Running command: "C:\\Program Files\\Mozilla Firefox\\firefox.exe" "--marionette" "-foreground" "-no-remote" "-profile" "C:\\Users\\A2731~1.ALE\\AppData\\Local\\Temp\\rust_mozprofilems3Khm"
JavaScript error: resource://gre/modules/XULStore.jsm, line 66: Error: Can't find profile directory.
console.error: SearchCache: "_readCacheFile: Error reading cache file:" (new Error("", "(unknown module)"))
1598608612231	Marionette	INFO	Listening on port 52069
1598608612311	Marionette	WARN	TLS certificate errors will be ignored for this session
1598609476630	Marionette	INFO	Stopped listening on port 52069

###!!! [Child][RunMessage] Error: Channel closing: too late to send/recv, messages will be lost


###!!! [Child][MessageChannel::SendAndWait] Error: Channel error: cannot send/recv

ocal\\Temp\\rust_mozprofileEMRV6c"
JavaScript error: resource://gre/modules/XULStore.jsm, line 66: Error: Can't find profile directory.
console.error: SearchCache: "_readCacheFile: Error reading cache file:" (new Error("", "(unknown module)"))
1598608721613	Marionette	INFO	Listening on port 52127
1598608721740	Marionette	WARN	TLS certificate errors will be ignored for this session
1598608737876	Marionette	INFO	Stopped listening on port 52127

###!!! [Child][RunMessage] Error: Channel closing: too late to send/recv, messages will be lost


###!!! [Child][MessageChannel::SendAndWait] Error: Channel error: cannot send/recv

1598608869514	geckodriver	INFO	Listening on 127.0.0.1:52234
1598608872528	mozrunner::runner	INFO	Running command: "C:\\Program Files\\Mozilla Firefox\\firefox.exe" "--marionette" "-foreground" "-no-remote" "-profile" "C:\\Users\\A2731~1.ALE\\AppData\\Local\\Temp\\rust_mozprofilezvw57Z"
JavaScript error: resource://gre/modules/XULStore.jsm, line 66: Error: Can't find profile directory.
1598609000766	geckodriver	INFO	Listening on 127.0.0.1:52327
1598609003751	mozrunner::runner	INFO	Running command: "C:\\Program Files\\Mozilla Firefox\\firefox.exe" "--marionette" "-foreground" "-no-remote" "-profile" "C:\\Users\\A2731~1.ALE\\AppData\\Local\\Temp\\rust_mozprofilebm3keD"
JavaScript error: resource://gre/modules/XULStore.jsm, line 66: Error: Can't find profile directory.
1598609420049	geckodriver	INFO	Listening on 127.0.0.1:52408
1598609423131	mozrunner::runner	INFO	Running command: "C:\\Program Files\\Mozilla Firefox\\firefox.exe" "--marionette" "-foreground" "-no-remote" "-profile" "C:\\Users\\A2731~1.ALE\\AppData\\Local\\Temp\\rust_mozprofileGms0DI"
JavaScript error: resource://gre/modules/XULStore.jsm, line 66: Error: Can't find profile directory.
console.error: SearchCache: "_readCacheFile: Error reading cache file:" (new Error("", "(unknown module)"))
1598609430331	Marionette	INFO	Listening on port 52417
1598609430472	Marionette	WARN	TLS certificate errors will be ignored for this session
1598609474148	Marionette	INFO	Stopped listening on port 52417

###!!! [Child][MessageChannel::SendAndWait] Error: Channel error: cannot send/recv

firefox.exe" "--marionette" "-foreground" "-no-remote" "-profile" "C:\\Users\\A2731~1.ALE\\AppData\\Local\\Temp\\rust_mozprofile4StZ7C"
JavaScript error: resource://gre/modules/XULStore.jsm, line 66: Error: Can't find profile directory.
console.error: SearchCache: "_readCacheFile: Error reading cache file:" (new Error("", "(unknown module)"))
console.error: "Could not write session state file " (new Error("_initWorker called too early! Please read the session file from disk first.", "resource:///modules/sessionstore/SessionFile.jsm", 375)) "_initWorker/<@resource:///modules/sessionstore/SessionFile.jsm:375:15\n_initWorker@resource:///modules/sessionstore/SessionFile.jsm:368:12\n_postToWorker@resource:///modules/sessionstore/SessionFile.jsm:410:16\nwrite@resource:///modules/sessionstore/SessionFile.jsm:448:24\nwrite@resource:///modules/sessionstore/SessionFile.jsm:75:32\n_writeState@resource:///modules/sessionstore/SessionSaver.jsm:360:24\n_saveState@resource:///modules/sessionstore/SessionSaver.jsm:294:17\n_saveStateAsync@resource:///modules/sessionstore/SessionSaver.jsm:344:10\nsaveStateAsyncWhenIdle@resource:///modules/sessionstore/SessionSaver.jsm:191:14\ncallback@resource://gre/modules/Timer.jsm:127:16\n"
1598609448183	Marionette	INFO	Listening on port 52452
1598609448294	Marionette	WARN	TLS certificate errors will be ignored for this session
JavaScript error: http://selenium1py.pythonanywhere.com/ru/, line 374: ReferenceError: oscar is not defined
1598609458923	Marionette	INFO	Stopped listening on port 52452
JavaScript error: resource://gre/modules/UrlClassifierListManager.jsm, line 691: TypeError: this.tablesData[table] is undefined

###!!! [Child][MessageChannel::SendAndWait] Error: Channel error: cannot send/recv

1598609540213	geckodriver	INFO	Listening on 127.0.0.1:52528
1598609543251	mozrunner::runner	INFO	Running command: "C:\\Program Files\\Mozilla Firefox\\firefox.exe" "--marionette" "-foreground" "-no-remote" "-profile" "C:\\Users\\A2731~1.ALE\\AppData\\Local\\Temp\\rust_mozprofilefHjp9n"
JavaScript error: resource://gre/modules/XULStore.jsm, line 66: Error: Can't find profile directory.
console.error: SearchCache: "_readCacheFile: Error reading cache file:" (new Error("", "(unknown module)"))
1598609548521	Marionette	INFO	Listening on port 52536
1598609548974	Marionette	WARN	TLS certificate errors will be ignored for this session
1598609557595	Marionette	INFO	Stopped listening on port 52536

###!!! [Child][RunMessage] Error: Channel closing: too late to send/recv, messages will be lost


###!!! [Child][MessageChannel::SendAndWait] Error: Channel error: cannot send/recv

1598609976115	geckodriver	INFO	Listening on 127.0.0.1:52693
1598609979195	mozrunner::runner	INFO	Running command: "C:\\Program Files\\Mozilla Firefox\\firefox.exe" "--marionette" "-foreground" "-no-remote" "-profile" "C:\\Users\\A2731~1.ALE\\AppData\\Local\\Temp\\rust_mozprofileluDo43"
JavaScript error: resource://gre/modules/XULStore.jsm, line 66: Error: Can't find profile directory.
console.error: SearchCache: "_readCacheFile: Error reading cache file:" (new Error("", "(unknown module)"))
1598609983290	Marionette	INFO	Listening on port 52701
1598609983318	Marionette	WARN	TLS certificate errors will be ignored for this session
JavaScript error: http://selenium1py.pythonanywhere.com/ru/, line 374: ReferenceError: oscar is not defined
1598609986535	Marionette	INFO	Stopped listening on port 52701
JavaScript error: resource://gre/modules/UrlClassifierListManager.jsm, line 691: TypeError: this.tablesData[table] is undefined

###!!! [Child][RunMessage] Error: Channel closing: too late to send/recv, messages will be lost


###!!! [Child][MessageChannel::SendAndWait] Error: Channel error: cannot send/recv

1598610117499	geckodriver	INFO	Listening on 127.0.0.1:52765
1598610120535	mozrunner::runner	INFO	Running command: "C:\\Program Files\\Mozilla Firefox\\firefox.exe" "--marionette" "-foreground" "-no-remote" "-profile" "C:\\Users\\A2731~1.ALE\\AppData\\Local\\Temp\\rust_mozprofilegmajJ2"
JavaScript error: resource://gre/modules/XULStore.jsm, line 66: Error: Can't find profile directory.
console.error: SearchCache: "_readCacheFile: Error reading cache file:" (new Error("", "(unknown module)"))
1598610125043	Marionette	INFO	Listening on port 52774
1598610125248	Marionette	WARN	TLS certificate errors will be ignored for this session
1598610185331	Marionette	INFO	Stopped listening on port 52774

###!!! [Child][RunMessage] Error: Channel closing: too late to send/recv, messages will be lost


###!!! [Child][MessageChannel::SendAndWait] Error: Channel error: cannot send/recv

ocal\\Temp\\rust_mozprofilecTMi8q"
JavaScript error: resource://gre/modules/XULStore.jsm, line 66: Error: Can't find profile directory.
console.error: SearchCache: "_readCacheFile: Error reading cache file:" (new Error("", "(unknown module)"))
1598610160266	Marionette	INFO	Listening on port 52829
1598610160418	Marionette	WARN	TLS certificate errors will be ignored for this session
1598610185741	Marionette	INFO	Stopped listening on port 52829

###!!! [Child][MessageChannel::SendAndWait] Error: Channel error: cannot send/recv

1598610521023	geckodriver	INFO	Listening on 127.0.0.1:52943
1598610524052	mozrunner::runner	INFO	Running command: "C:\\Program Files\\Mozilla Firefox\\firefox.exe" "--marionette" "-foreground" "-no-remote" "-profile" "C:\\Users\\A2731~1.ALE\\AppData\\Local\\Temp\\rust_mozprofileuZZKIu"
JavaScript error: resource://gre/modules/XULStore.jsm, line 66: Error: Can't find profile directory.
console.error: SearchCache: "_readCacheFile: Error reading cache file:" (new Error("", "(unknown module)"))
1598610529183	Marionette	INFO	Listening on port 52951
1598610529269	Marionette	WARN	TLS certificate errors will be ignored for this session
1598610783479	Marionette	INFO	Stopped listening on port 52951

###!!! [Child][MessageChannel::SendAndWait] Error: Channel error: cannot send/recv

firefox.exe" "--marionette" "-foreground" "-no-remote" "-profile" "C:\\Users\\A2731~1.ALE\\AppData\\Local\\Temp\\rust_mozprofileDgI8uR"
JavaScript error: resource://gre/modules/XULStore.jsm, line 66: Error: Can't find profile directory.
console.error: SearchCache: "_readCacheFile: Error reading cache file:" (new Error("", "(unknown module)"))
1598610746976	Marionette	INFO	Listening on port 53132
1598610747208	Marionette	WARN	TLS certificate errors will be ignored for this session
1598610783257	Marionette	INFO	Stopped listening on port 53132

###!!! [Child][RunMessage] Error: Channel closing: too late to send/recv, messages will be lost


###!!! [Child][MessageChannel::SendAndWait] Error: Channel error: cannot send/recv

1598610884857	geckodriver	INFO	Listening on 127.0.0.1:53294
1598610887869	mozrunner::runner	INFO	Running command: "C:\\Program Files\\Mozilla Firefox\\firefox.exe" "--marionette" "-foreground" "-no-remote" "-profile" "C:\\Users\\A2731~1.ALE\\AppData\\Local\\Temp\\rust_mozprofileBER4BA"
JavaScript error: resource://gre/modules/XULStore.jsm, line 66: Error: Can't find profile directory.
console.error: SearchCache: "_readCacheFile: Error reading cache file:" (new Error("", "(unknown module)"))
1598610893010	Marionette	INFO	Listening on port 53302
1598610893096	Marionette	WARN	TLS certificate errors will be ignored for this session
JavaScript error: resource://activity-stream/lib/ActivityStreamPrefs.jsm, line 27: NS_ERROR_ILLEGAL_VALUE: Component returned failure code: 0x80070057 (NS_ERROR_ILLEGAL_VALUE) [nsIPrefBranch.removeObserver]
console.error: Region.jsm: "Error fetching region" (new TypeError("NetworkError when attempting to fetch resource.", ""))
console.error: Region.jsm: "Failed to fetch region" (new Error("NO_RESULT", "resource://gre/modules/Region.jsm", 343))
console.log: "RemoteSettingsWorker error: Error: Can't import when we've started shutting down."
console.error: SearchEngineSelector: (new Error("IndexedDB: main/search-config list() IndexedDB:  execute() The application is shutting down", "resource://services-settings/IDBHelpers.jsm", 24))
console.error: SearchEngineSelector: "Received empty search configuration!"
console.error: SearchService: "_init: failure initializing search:" (void 0)
JavaScript error: resource://gre/modules/AsyncShutdown.jsm, line 554: uncaught exception: 2147500037
JavaScript error: resource://gre/modules/SearchService.jsm, line 474: NS_ERROR_FAILURE: SearchService previously failed to initialize
JavaScript error: resource://gre/modules/AsyncShutdown.jsm, line 554: uncaught exception: 2147500037
JavaScript error: resource://gre/modules/AsyncShutdown.jsm, line 554: uncaught exception: 2147500037
JavaScript error: resource://gre/modules/AsyncShutdown.jsm, line 554: uncaught exception: 2147500037
JavaScript error: resource://gre/modules/AsyncShutdown.jsm, line 554: uncaught exception: 2147500037
1598610897491	Marionette	INFO	Stopped listening on port 53302

###!!! [Child][RunMessage] Error: Channel closing: too late to send/recv, messages will be lost


###!!! [Child][MessageChannel::SendAndWait] Error: Channel error: cannot send/recv

1598610957268	geckodriver	INFO	Listening on 127.0.0.1:53343
1598610967778	geckodriver	INFO	Listening on 127.0.0.1:53365
1598610970812	mozrunner::runner	INFO	Running command: "C:\\Program Files\\Mozilla Firefox\\firefox.exe" "--marionette" "-foreground" "-no-remote" "-profile" "C:\\Users\\A2731~1.ALE\\AppData\\Local\\Temp\\rust_mozprofilesT2t9F"
JavaScript error: resource://gre/modules/XULStore.jsm, line 66: Error: Can't find profile directory.
1598611335222	geckodriver	INFO	Listening on 127.0.0.1:53458
1598611338285	mozrunner::runner	INFO	Running command: "C:\\Program Files\\Mozilla Firefox\\firefox.exe" "--marionette" "-foreground" "-no-remote" "-profile" "C:\\Users\\A2731~1.ALE\\AppData\\Local\\Temp\\rust_mozprofileS24SCR"
JavaScript error: resource://gre/modules/XULStore.jsm, line 66: Error: Can't find profile directory.
console.error: SearchCache: "_readCacheFile: Error reading cache file:" (new Error("", "(unknown module)"))
1598611344222	Marionette	INFO	Listening on port 53468
1598611344502	Marionette	WARN	TLS certificate errors will be ignored for this session
console.warn: services.settings: main/cfr sync interrupted by shutdown
JavaScript error: resource://gre/modules/UrlClassifierListManager.jsm, line 691: TypeError: this.tablesData[table] is undefined
1598611350684	Marionette	INFO	Stopped listening on port 53468

###!!! [Child][RunMessage] Error: Channel closing: too late to send/recv, messages will be lost


###!!! [Child][MessageChannel::SendAndWait] Error: Channel error: cannot send/recv

1598611443879	geckodriver	INFO	Listening on 127.0.0.1:53516
1598611446885	mozrunner::runner	INFO	Running command: "C:\\Program Files\\Mozilla Firefox\\firefox.exe" "--marionette" "-foreground" "-no-remote" "-profile" "C:\\Users\\A2731~1.ALE\\AppData\\Local\\Temp\\rust_mozprofileb7CDcA"
1598611521901	geckodriver	INFO	Listening on 127.0.0.1:53587
1598611524841	mozrunner::runner	INFO	Running command: "C:\\Program Files\\Mozilla Firefox\\firefox.exe" "--marionette" "-foreground" "-no-remote" "-profile" "C:\\Users\\A2731~1.ALE\\AppData\\Local\\Temp\\rust_mozprofileJMaASl"
JavaScript error: resource://gre/modules/XULStore.jsm, line 66: Error: Can't find profile directory.
console.error: SearchCache: "_readCacheFile: Error reading cache file:" (new Error("", "(unknown module)"))
1598611529945	Marionette	INFO	Listening on port 53597
1598611530094	Marionette	WARN	TLS certificate errors will be ignored for this session
[Parent 17604, Gecko_IOThread] WARNING: file /builds/worker/checkouts/gecko/ipc/chromium/src/base/process_util_win.cc, line 166
1598611558447	Marionette	INFO	Stopped listening on port 53591598611560829	mozrunner::runner	INFO	Running command: "C:\\Program Files\\Mozilla Firefox\\firefox.exe" "--marionette" "-foreground" "-no-remote" "-profile" "C:\\Users\\A2731~1.ALE\\AppData\\Local\\Temp\\rust_mozprofilex2XHJd"
JavaScript error: resource://gre/modules/XULStore.jsm, line 66: Error: Can't find profile directory.
console.error: SearchCache: "_readCacheFile: Error reading cache file:" (new Error("", "(unknown module)"))
1598611565485	Marionette	INFO	Listening on port 53651
1598611565557	Marionette	WARN	TLS certificate errors will be ignored for this session
1598611601108	Marionette	INFO	Stopped listening on port 53651

###!!! [Child][RunMessage] Error: Channel closing: too late to send/recv, messages will be lost


###!!! [Child][MessageChannel::SendAndWait] Error: Channel error: cannot send/recv

ocal\\Temp\\rust_mozprofileb2nHSb"
JavaScript error: resource://gre/modules/XULStore.jsm, line 66: Error: Can't find profile directory.
console.error: SearchCache: "_readCacheFile: Error reading cache file:" (new Error("", "(unknown module)"))
1598611588848	Marionette	INFO	Listening on port 53706
1598611588873	Marionette	WARN	TLS certificate errors will be ignored for this session
JavaScript error: resource://activity-stream/lib/ActivityStreamPrefs.jsm, line 27: NS_ERROR_ILLEGAL_VALUE: Component returned failure code: 0x80070057 (NS_ERROR_ILLEGAL_VALUE) [nsIPrefBranch.removeObserver]
console.error: Region.jsm: "Error fetching region" (new TypeError("NetworkError when attempting to fetch resource.", ""))
console.error: Region.jsm: "Failed to fetch region" (new Error("NO_RESULT", "resource://gre/modules/Region.jsm", 343))
console.error: services.settings: 
  main/fxmonitor-breaches Signature failed  TypeError: NetworkError when attempting to fetch resource.
console.error: SearchEngineSelector: (new Error("IndexedDB: main/search-config list() IndexedDB:  execute() The application is shutting down", "resource://services-settings/IDBHelpers.jsm", 24))
console.error: SearchEngineSelector: "Received empty search configuration!"
console.error: SearchService: "_init: failure initializing search:" (void 0)
JavaScript error: resource://gre/modules/AsyncShutdown.jsm, line 554: uncaught exception: 2147500037
JavaScript error: resource://gre/modules/SearchService.jsm, line 474: NS_ERROR_FAILURE: SearchService previously failed to initialize
JavaScript error: resource://gre/modules/AsyncShutdown.jsm, line 554: uncaught exception: 2147500037
JavaScript error: resource://gre/modules/AsyncShutdown.jsm, line 554: uncaught exception: 2147500037
JavaScript error: resource://gre/modules/AsyncShutdown.jsm, line 554: uncaught exception: 2147500037
JavaScript error: resource://gre/modules/AsyncShutdown.jsm, line 554: uncaught exception: 2147500037
1598611595404	Marionette	INFO	Stopped listening on port 53706

###!!! [Child][MessageChannel::SendAndWait] Error: Channel error: cannot send/recv

1598611620442	geckodriver	INFO	Listening on 127.0.0.1:53776
1598611623435	mozrunner::runner	INFO	Running command: "C:\\Program Files\\Mozilla Firefox\\firefox.exe" "--marionette" "-foreground" "-no-remote" "-profile" "C:\\Users\\A2731~1.ALE\\AppData\\Local\\Temp\\rust_mozprofileA6TXSq"
JavaScript error: resource://gre/modules/XULStore.jsm, line 66: Error: Can't find profile directory.
console.error: SearchCache: "_readCacheFile: Error reading cache file:" (new Error("", "(unknown module)"))
1598611627799	Marionette	INFO	Listening on port 53784
1598611628163	Marionette	WARN	TLS certificate errors will be ignored for this session
1598611643865	Marionette	INFO	Stopped listening on port 53784

###!!! [Child][RunMessage] Error: Channel closing: too late to send/recv, messages will be lost


###!!! [Child][MessageChannel::SendAndWait] Error: Channel error: cannot send/recv

1598611664973	geckodriver	INFO	Listening on 127.0.0.1:53834
1598611668001	mozrunner::runner	INFO	Running command: "C:\\Program Files\\Mozilla Firefox\\firefox.exe" "--marionette" "-foreground" "-no-remote" "-profile" "C:\\Users\\A2731~1.ALE\\AppData\\Local\\Temp\\rust_mozprofileYuB0ZK"
JavaScript error: resource://gre/modules/XULStore.jsm, line 66: Error: Can't find profile directory.
console.error: SearchCache: "_readCacheFile: Error reading cache file:" (new Error("", "(unknown module)"))
1598611672462	Marionette	INFO	Listening on port 53842
1598611672717	Marionette	WARN	TLS certificate errors will be ignored for this session
[Parent 15076, Gecko_IOThread] WARNING: file /builds/worker/checkouts/gecko/ipc/chromium/src/base/process_util_win.cc, line 166
1598611711153	Marionette	INFO	Stopped listening on port 53842

###!!! [Child][RunMessage] Error: Channel closing: too late to send/recv, messages will be lost


###!!! [Child][MessageChannel::SendAndWait] Error: Channel error: cannot send/recv

1598611722147	geckodriver	INFO	Listening on 127.0.0.1:53911
1598611725191	mozrunner::runner	INFO	Running command: "C:\\Program Files\\Mozilla Firefox\\firefox.exe" "--marionette" "-foreground" "-no-remote" "-profile" "C:\\Users\\A2731~1.ALE\\AppData\\Local\\Temp\\rust_mozprofilevdUx9G"
JavaScript error: resource://gre/modules/XULStore.jsm, line 66: Error: Can't find profile directory.
console.error: SearchCache: "_readCacheFile: Error reading cache file:" (new Error("", "(unknown module)"))
1598611729883	Marionette	INFO	Listening on port 53920
1598611729927	Marionette	WARN	TLS certificate errors will be ignored for this session
1598611752645	Marionette	INFO	Stopped listening on port 53920

###!!! [Child][RunMessage] Error: Channel closing: too late to send/recv, messages will be lost


###!!! [Child][MessageChannel::SendAndWait] Error: Channel error: cannot send/recv

1598612065757	geckodriver	INFO	Listening on 127.0.0.1:54016
1598612068851	mozrunner::runner	INFO	Running command: "C:\\Program Files\\Mozilla Firefox\\firefox.exe" "--marionette" "-foreground" "-no-remote" "-profile" "C:\\Users\\A2731~1.ALE\\AppData\\Local\\Temp\\rust_mozprofileBzcqJo"
JavaScript error: resource://gre/modules/XULStore.jsm, line 66: Error: Can't find profile directory.
console.error: SearchCache: "_readCacheFile: Error reading cache file:" (new Error("", "(unknown module)"))
1598612073520	Marionette	INFO	Listening on port 54024
1598612073655	Marionette	WARN	TLS certificate errors will be ignored for this session
1598612121039	Marionette	INFO	Stopped listening on port 54024

###!!! [Child][MessageChannel::SendAndWait] Error: Channel error: cannot send/recv

firefox.exe" "--marionette" "-foreground" "-no-remote" "-profile" "C:\\Users\\A2731~1.ALE\\AppData\\Local\\Temp\\rust_mozprofile9bps53"
JavaScript error: resource://gre/modules/XULStore.jsm, line 66: Error: Can't find profile directory.
console.error: SearchCache: "_readCacheFile: Error reading cache file:" (new Error("", "(unknown module)"))
1598612098471	Marionette	INFO	Listening on port 54079
1598612098663	Marionette	WARN	TLS certificate errors will be ignored for this session
[Parent 20948, Gecko_IOThread] WARNING: file /builds/worker/checkouts/gecko/ipc/chromium/src/base/process_util_win.cc, line 166
1598612121133	Marionette	INFO	Stopped listening on port 54079

###!!! [Child][RunMessage] Error: Channel closing: too late to send/recv, messages will be lost


###!!! [Child][MessageChannel::SendAndWait] Error: Channel error: cannot send/recv

1598612356278	geckodriver	INFO	Listening on 127.0.0.1:54221
1598612359253	mozrunner::runner	INFO	Running command: "C:\\Program Files\\Mozilla Firefox\\firefox.exe" "--marionette" "-foreground" "-no-remote" "-profile" "C:\\Users\\A2731~1.ALE\\AppData\\Local\\Temp\\rust_mozprofilermYciB"
JavaScript error: resource://gre/modules/XULStore.jsm, line 66: Error: Can't find profile directory.
console.error: SearchCache: "_readCacheFile: Error reading cache file:" (new Error("", "(unknown module)"))
1598612364565	Marionette	INFO	Listening on port 54229
1598612364977	Marionette	WARN	TLS certificate errors will be ignored for this session
1598612479677	Marionette	INFO	Stopped listening on port 54229

###!!! [Child][MessageChannel::SendAndWait] Error: Channel error: cannot send/recv

firefox.exe" "--marionette" "-foreground" "-no-remote" "-profile" "C:\\Users\\A2731~1.ALE\\AppData\\Local\\Temp\\rust_mozprofile0IQnqS"
JavaScript error: resource://gre/modules/XULStore.jsm, line 66: Error: Can't find profile directory.
console.error: SearchCache: "_readCacheFile: Error reading cache file:" (new Error("", "(unknown module)"))
1598612441448	Marionette	INFO	Listening on port 54316
1598612441626	Marionette	WARN	TLS certificate errors will be ignored for this session
1598612480975	Marionette	INFO	Stopped listening on port 54316

###!!! [Child][RunMessage] Error: Channel closing: too late to send/recv, messages will be lost


###!!! [Child][MessageChannel::SendAndWait] Error: Channel error: cannot send/recv

1598612493661	geckodriver	INFO	Listening on 127.0.0.1:54402
1598612497127	mozrunner::runner	INFO	Running command: "C:\\Program Files\\Mozilla Firefox\\firefox.exe" "--marionette" "-foreground" "-no-remote" "-profile" "C:\\Users\\A2731~1.ALE\\AppData\\Local\\Temp\\rust_mozprofileE8JV35"
JavaScript error: resource://gre/modules/XULStore.jsm, line 66: Error: Can't find profile directory.
console.error: SearchCache: "_readCacheFile: Error reading cache file:" (new Error("", "(unknown module)"))
1598612502369	Marionette	INFO	Listening on port 54411
1598612502934	Marionette	WARN	TLS certificate errors will be ignored for this session
1598612557700	Marionette	INFO	Stopped listening on port 54411

###!!! [Child][RunMessage] Error: Channel closing: too late to send/recv, messages will be lost


###!!! [Child][MessageChannel::SendAndWait] Error: Channel error: cannot send/recv

1598612630760	geckodriver	INFO	Listening on 127.0.0.1:54495
1598612633835	mozrunner::runner	INFO	Running command: "C:\\Program Files\\Mozilla Firefox\\firefox.exe" "--marionette" "-foreground" "-no-remote" "-profile" "C:\\Users\\A2731~1.ALE\\AppData\\Local\\Temp\\rust_mozprofile583UE4"
JavaScript error: resource://gre/modules/XULStore.jsm, line 66: Error: Can't find profile directory.
console.error: SearchCache: "_readCacheFile: Error reading cache file:" (new Error("", "(unknown module)"))
1598612638737	Marionette	INFO	Listening on port 54504
1598612639055	Marionette	WARN	TLS certificate errors will be ignored for this session
1598612676183	Marionette	INFO	Stopped listening on port 54504

###!!! [Child][RunMessage] Error: Channel closing: too late to send/recv, messages will be lost


###!!! [Child][MessageChannel::SendAndWait] Error: Channel error: cannot send/recv

1598612780761	geckodriver	INFO	Listening on 127.0.0.1:54585
1598612783776	mozrunner::runner	INFO	Running command: "C:\\Program Files\\Mozilla Firefox\\firefox.exe" "--marionette" "-foreground" "-no-remote" "-profile" "C:\\Users\\A2731~1.ALE\\AppData\\Local\\Temp\\rust_mozprofileIjVuEb"
JavaScript error: resource://gre/modules/XULStore.jsm, line 66: Error: Can't find profile directory.
console.error: SearchCache: "_readCacheFile: Error reading cache file:" (new Error("", "(unknown module)"))
1598612788923	Marionette	INFO	Listening on port 54593
1598612788989	Marionette	WARN	TLS certificate errors will be ignored for this session
JavaScript error: resource://gre/modules/UrlClassifierListManager.jsm, line 691: TypeError: this.tablesData[table] is undefined
1598612797316	Marionette	INFO	Stopped listening on port 54593

###!!! [Child][RunMessage] Error: Channel closing: too late to send/recv, messages will be lost


###!!! [Child][MessageChannel::SendAndWait] Error: Channel error: cannot send/recv

